# JRE version: Java(TM) SE Runtime Environment (8.0_45-b15) (build 1.8.0_45-b15)
# Java VM: Java HotSpot(TM) 64-Bit Server VM (25.45-b02 mixed mode windows-amd64 compressed oops)
Heap:
 PSYoungGen      total 460288K, used 5883K [0x000000076b300000, 0x0000000789880000, 0x00000007c0000000)
  eden space 454144K, 0% used [0x000000076b300000,0x000000076b300000,0x0000000786e80000)
  from space 6144K, 95% used [0x0000000786e80000,0x000000078743ec78,0x0000000787480000)
  to   space 21504K, 0% used [0x0000000788380000,0x0000000788380000,0x0000000789880000)
 ParOldGen       total 162816K, used 50232K [0x00000006c1800000, 0x00000006cb700000, 0x000000076b300000)
  object space 162816K, 30% used [0x00000006c1800000,0x00000006c490e3e8,0x00000006cb700000)
 Metaspace       used 53216K, capacity 56666K, committed 56832K, reserved 1099776K
  class space    used 6754K, capacity 7395K, committed 7424K, reserved 1048576K
GC Heap History (10 events):
Event: 442.773 GC heap after
Heap after GC invocations=20 (full 7):
 PSYoungGen      total 460288K, used 5851K [0x000000076b300000, 0x0000000789a80000, 0x00000007c0000000)
  eden space 454144K, 0% used [0x000000076b300000,0x000000076b300000,0x0000000786e80000)
  from space 6144K, 95% used [0x0000000786e80000,0x0000000787436c78,0x0000000787480000)
  to   space 22528K, 0% used [0x0000000788480000,0x0000000788480000,0x0000000789a80000)
 ParOldGen       total 162816K, used 43952K [0x00000006c1800000, 0x00000006cb700000, 0x000000076b300000)
  object space 162816K, 26% used [0x00000006c1800000,0x00000006c42ec3e0,0x00000006cb700000)
 Metaspace       used 52669K, capacity 55728K, committed 55936K, reserved 1097728K
  class space    used 6667K, capacity 7250K, committed 7296K, reserved 1048576K
}
Event: 442.773 GC heap before
{Heap before GC invocations=21 (full 8):
 PSYoungGen      total 460288K, used 5851K [0x000000076b300000, 0x0000000789a80000, 0x00000007c0000000)
  eden space 454144K, 0% used [0x000000076b300000,0x000000076b300000,0x0000000786e80000)
  from space 6144K, 95% used [0x0000000786e80000,0x0000000787436c78,0x0000000787480000)
  to   space 22528K, 0% used [0x0000000788480000,0x0000000788480000,0x0000000789a80000)
 ParOldGen       total 162816K, used 43952K [0x00000006c1800000, 0x00000006cb700000, 0x000000076b300000)
  object space 162816K, 26% used [0x00000006c1800000,0x00000006c42ec3e0,0x00000006cb700000)
 Metaspace       used 52669K, capacity 55728K, committed 55936K, reserved 1097728K
  class space    used 6667K, capacity 7250K, committed 7296K, reserved 1048576K
Event: 442.972 GC heap after
Heap after GC invocations=21 (full 8):
 PSYoungGen      total 460288K, used 0K [0x000000076b300000, 0x0000000789a80000, 0x00000007c0000000)
  eden space 454144K, 0% used [0x000000076b300000,0x000000076b300000,0x0000000786e80000)
  from space 6144K, 0% used [0x0000000786e80000,0x0000000786e80000,0x0000000787480000)
  to   space 22528K, 0% used [0x0000000788480000,0x0000000788480000,0x0000000789a80000)
 ParOldGen       total 162816K, used 47064K [0x00000006c1800000, 0x00000006cb700000, 0x000000076b300000)
  object space 162816K, 28% used [0x00000006c1800000,0x00000006c45f6048,0x00000006cb700000)
 Metaspace       used 52665K, capacity 55722K, committed 55936K, reserved 1097728K
  class space    used 6666K, capacity 7249K, committed 7296K, reserved 1048576K
}
Event: 484.187 GC heap before
{Heap before GC invocations=22 (full 8):
 PSYoungGen      total 460288K, used 176790K [0x000000076b300000, 0x0000000789a80000, 0x00000007c0000000)
  eden space 454144K, 38% used [0x000000076b300000,0x0000000775fa5b28,0x0000000786e80000)
  from space 6144K, 0% used [0x0000000786e80000,0x0000000786e80000,0x0000000787480000)
  to   space 22528K, 0% used [0x0000000788480000,0x0000000788480000,0x0000000789a80000)
 ParOldGen       total 162816K, used 47064K [0x00000006c1800000, 0x00000006cb700000, 0x000000076b300000)
  object space 162816K, 28% used [0x00000006c1800000,0x00000006c45f6048,0x00000006cb700000)
 Metaspace       used 52883K, capacity 56000K, committed 56192K, reserved 1097728K
  class space    used 6696K, capacity 7295K, committed 7296K, reserved 1048576K
Event: 484.193 GC heap after
Heap after GC invocations=22 (full 8):
 PSYoungGen      total 475648K, used 5816K [0x000000076b300000, 0x0000000789980000, 0x00000007c0000000)
  eden space 454144K, 0% used [0x000000076b300000,0x000000076b300000,0x0000000786e80000)
  from space 21504K, 27% used [0x0000000788480000,0x0000000788a2e148,0x0000000789980000)
  to   space 22016K, 0% used [0x0000000786e80000,0x0000000786e80000,0x0000000788400000)
 ParOldGen       total 162816K, used 47072K [0x00000006c1800000, 0x00000006cb700000, 0x000000076b300000)
  object space 162816K, 28% used [0x00000006c1800000,0x00000006c45f8048,0x00000006cb700000)
 Metaspace       used 52883K, capacity 56000K, committed 56192K, reserved 1097728K
  class space    used 6696K, capacity 7295K, committed 7296K, reserved 1048576K
}
Event: 484.193 GC heap before
{Heap before GC invocations=23 (full 9):
 PSYoungGen      total 475648K, used 5816K [0x000000076b300000, 0x0000000789980000, 0x00000007c0000000)
  eden space 454144K, 0% used [0x000000076b300000,0x000000076b300000,0x0000000786e80000)
  from space 21504K, 27% used [0x0000000788480000,0x0000000788a2e148,0x0000000789980000)
  to   space 22016K, 0% used [0x0000000786e80000,0x0000000786e80000,0x0000000788400000)
 ParOldGen       total 162816K, used 47072K [0x00000006c1800000, 0x00000006cb700000, 0x000000076b300000)
  object space 162816K, 28% used [0x00000006c1800000,0x00000006c45f8048,0x00000006cb700000)
 Metaspace       used 52883K, capacity 56000K, committed 56192K, reserved 1097728K
  class space    used 6696K, capacity 7295K, committed 7296K, reserved 1048576K
Event: 484.355 GC heap after
Heap after GC invocations=23 (full 9):
 PSYoungGen      total 475648K, used 0K [0x000000076b300000, 0x0000000789980000, 0x00000007c0000000)
  eden space 454144K, 0% used [0x000000076b300000,0x000000076b300000,0x0000000786e80000)
  from space 21504K, 0% used [0x0000000788480000,0x0000000788480000,0x0000000789980000)
  to   space 22016K, 0% used [0x0000000786e80000,0x0000000786e80000,0x0000000788400000)
 ParOldGen       total 162816K, used 50224K [0x00000006c1800000, 0x00000006cb700000, 0x000000076b300000)
  object space 162816K, 30% used [0x00000006c1800000,0x00000006c490c3e8,0x00000006cb700000)
 Metaspace       used 52879K, capacity 55994K, committed 56192K, reserved 1097728K
  class space    used 6695K, capacity 7294K, committed 7296K, reserved 1048576K
}
Event: 510.948 GC heap before
{Heap before GC invocations=24 (full 9):
 PSYoungGen      total 475648K, used 178389K [0x000000076b300000, 0x0000000789980000, 0x00000007c0000000)
  eden space 454144K, 39% used [0x000000076b300000,0x0000000776135730,0x0000000786e80000)
  from space 21504K, 0% used [0x0000000788480000,0x0000000788480000,0x0000000789980000)
  to   space 22016K, 0% used [0x0000000786e80000,0x0000000786e80000,0x0000000788400000)
 ParOldGen       total 162816K, used 50224K [0x00000006c1800000, 0x00000006cb700000, 0x000000076b300000)
  object space 162816K, 30% used [0x00000006c1800000,0x00000006c490c3e8,0x00000006cb700000)
 Metaspace       used 53216K, capacity 56666K, committed 56832K, reserved 1099776K
  class space    used 6754K, capacity 7395K, committed 7424K, reserved 1048576K
Event: 510.953 GC heap after
Heap after GC invocations=24 (full 9):
 PSYoungGen      total 460288K, used 5883K [0x000000076b300000, 0x0000000789880000, 0x00000007c0000000)
  eden space 454144K, 0% used [0x000000076b300000,0x000000076b300000,0x0000000786e80000)
  from space 6144K, 95% used [0x0000000786e80000,0x000000078743ec78,0x0000000787480000)
  to   space 21504K, 0% used [0x0000000788380000,0x0000000788380000,0x0000000789880000)
 ParOldGen       total 162816K, used 50232K [0x00000006c1800000, 0x00000006cb700000, 0x000000076b300000)
  object space 162816K, 30% used [0x00000006c1800000,0x00000006c490e3e8,0x00000006cb700000)
 Metaspace       used 53216K, capacity 56666K, committed 56832K, reserved 1099776K
  class space    used 6754K, capacity 7395K, committed 7424K, reserved 1048576K
}
Event: 510.953 GC heap before
{Heap before GC invocations=25 (full 10):
 PSYoungGen      total 460288K, used 5883K [0x000000076b300000, 0x0000000789880000, 0x00000007c0000000)
  eden space 454144K, 0% used [0x000000076b300000,0x000000076b300000,0x0000000786e80000)
  from space 6144K, 95% used [0x0000000786e80000,0x000000078743ec78,0x0000000787480000)
  to   space 21504K, 0% used [0x0000000788380000,0x0000000788380000,0x0000000789880000)
 ParOldGen       total 162816K, used 50232K [0x00000006c1800000, 0x00000006cb700000, 0x000000076b300000)
  object space 162816K, 30% used [0x00000006c1800000,0x00000006c490e3e8,0x00000006cb700000)
 Metaspace       used 53216K, capacity 56666K, committed 56832K, reserved 1099776K
  class space    used 6754K, capacity 7395K, committed 7424K, reserved 1048576K

